# ----------------------------------------
# job id: 713648
# job name: mpi_p2p_naobloqueante_2048_30
# Running process type: p2p_naobloqueante
# Matrix size: 2048
# Number of processes: 30
# Current time: 28-06-2025 22:07:07.07
# ----------------------------------------
--------------------------------------------------------------------------
Open MPI failed an OFI Libfabric library call (fi_domain).  This is highly
unusual; your job may behave unpredictably (and/or abort) after this.

  Local host: hype3
  Location: ../../../../../../ompi/mca/mtl/ofi/mtl_ofi_component.c:939
  Error: No data available (61)
--------------------------------------------------------------------------
[hype3:531145] 29 more processes have sent help message help-mtl-ofi.txt / OFI call fail
[hype3:531145] Set MCA parameter "orte_base_help_aggregate" to 0 to see all help / error messages
(standard_in) 1: syntax error
(standard_in) 1: illegal character: :
(standard_in) 1: illegal character: :
# ----------------------------------------
# Finished running p2p_naobloqueante with matrix size 2048 and 30 processes after  seconds
# ----------------------------------------
