# ----------------------------------------
# job id: 713656
# job name: mpi_p2p_bloqueante_1024_20
# Running process type: p2p_bloqueante
# Matrix size: 1024
# Number of processes: 20
# Current time: 28-06-2025 20:05:20.05
# ----------------------------------------
Rank 1 - Communication time: 0.372063 seconds
Rank 2 - Communication time: 0.341721 seconds
Rank 3 - Communication time: 0.344266 seconds
Rank 4 - Communication time: 0.351012 seconds
Rank 5 - Communication time: 0.356199 seconds
Rank 6 - Communication time: 0.351343 seconds
Rank 7 - Communication time: 0.499886 seconds
Rank 8 - Communication time: 0.520752 seconds
Rank 9 - Communication time: 0.367184 seconds
Rank 10 - Communication time: 0.354629 seconds
Rank 11 - Communication time: 0.370879 seconds
Rank 12 - Communication time: 0.343960 seconds
Rank 13 - Communication time: 0.426303 seconds
Rank 14 - Communication time: 0.384406 seconds
Rank 15 - Communication time: 0.413140 seconds
Rank 16 - Communication time: 0.411585 seconds
Rank 17 - Communication time: 0.406924 seconds
Rank 18 - Communication time: 0.401368 seconds
Execution time: 1.035805 seconds
Rank 0 - Communication time: 0.416097 seconds
Rank 19 - Communication time: 0.388717 seconds
# ----------------------------------------
# Finished running p2p_bloqueante with matrix size 1024 and 20 processes after  seconds
# ----------------------------------------
