# ----------------------------------------
# job id: 713696
# job name: mpi_p2p_bloqueante_8192_80
# Running process type: p2p_bloqueante
# Matrix size: 8192
# Number of processes: 80
# Current time: 28-06-2025 23:25:59.25
# ----------------------------------------
Rank 1 - Communication time: 3.435569 seconds
Rank 2 - Communication time: 3.056241 seconds
Rank 3 - Communication time: 16.045477 seconds
Rank 4 - Communication time: 9.866862 seconds
Rank 5 - Communication time: 3.565942 seconds
Rank 6 - Communication time: 13.460077 seconds
Rank 7 - Communication time: 4.908448 seconds
Rank 8 - Communication time: 12.783635 seconds
Rank 9 - Communication time: 3.591724 seconds
Rank 10 - Communication time: 5.027406 seconds
Rank 11 - Communication time: 10.176586 seconds
Rank 12 - Communication time: 4.680497 seconds
Rank 13 - Communication time: 5.659637 seconds
Rank 14 - Communication time: 4.785348 seconds
Rank 15 - Communication time: 3.421782 seconds
Rank 16 - Communication time: 15.401649 seconds
Rank 17 - Communication time: 14.227726 seconds
Rank 18 - Communication time: 16.673418 seconds
Rank 19 - Communication time: 7.785166 seconds
Rank 20 - Communication time: 14.509495 seconds
Rank 21 - Communication time: 9.336918 seconds
Rank 22 - Communication time: 5.632900 seconds
Rank 23 - Communication time: 18.096653 seconds
Rank 24 - Communication time: 13.972401 seconds
Rank 25 - Communication time: 6.659478 seconds
Rank 26 - Communication time: 5.774228 seconds
Rank 27 - Communication time: 17.044719 seconds
Rank 28 - Communication time: 14.755143 seconds
Rank 29 - Communication time: 3.800478 seconds
Rank 30 - Communication time: 16.384226 seconds
Rank 31 - Communication time: 16.008825 seconds
Rank 32 - Communication time: 5.533436 seconds
Rank 33 - Communication time: 8.930670 seconds
Rank 34 - Communication time: 6.317352 seconds
Rank 35 - Communication time: 13.654860 seconds
Rank 36 - Communication time: 17.621749 seconds
Rank 37 - Communication time: 15.557247 seconds
Rank 38 - Communication time: 18.020729 seconds
Rank 39 - Communication time: 15.506659 seconds
Rank 40 - Communication time: 5.034343 seconds
Rank 41 - Communication time: 3.899328 seconds
Rank 42 - Communication time: 71.954199 seconds
Rank 43 - Communication time: 19.406467 seconds
Rank 44 - Communication time: 166.110819 seconds
Rank 45 - Communication time: 66.644648 seconds
Rank 46 - Communication time: 53.604850 seconds
Rank 47 - Communication time: 61.303261 seconds
Rank 48 - Communication time: 163.486096 seconds
Rank 49 - Communication time: 161.798009 seconds
Rank 50 - Communication time: 179.206185 seconds
Rank 51 - Communication time: 181.635001 seconds
Rank 52 - Communication time: 162.207795 seconds
Rank 53 - Communication time: 133.082687 seconds
Rank 54 - Communication time: 125.688676 seconds
Rank 55 - Communication time: 103.603743 seconds
Rank 56 - Communication time: 180.614665 seconds
Rank 57 - Communication time: 57.187900 seconds
Rank 58 - Communication time: 108.643402 seconds
Rank 59 - Communication time: 39.598647 seconds
Rank 60 - Communication time: 162.216796 seconds
Rank 61 - Communication time: 130.980400 seconds
Rank 62 - Communication time: 75.518264 seconds
Rank 63 - Communication time: 88.159726 seconds
Rank 64 - Communication time: 158.346397 seconds
Rank 65 - Communication time: 178.684256 seconds
Rank 66 - Communication time: 161.101766 seconds
Rank 67 - Communication time: 183.091450 seconds
Rank 68 - Communication time: 162.147856 seconds
Rank 69 - Communication time: 99.208267 seconds
Rank 70 - Communication time: 99.342833 seconds
Rank 71 - Communication time: 68.261392 seconds
Rank 72 - Communication time: 162.397964 seconds
Rank 73 - Communication time: 61.839861 seconds
Rank 74 - Communication time: 131.155601 seconds
Rank 75 - Communication time: 89.953666 seconds
Rank 76 - Communication time: 176.048700 seconds
Rank 77 - Communication time: 69.102643 seconds
Rank 78 - Communication time: 38.579396 seconds
Execution time: 583.674582 seconds
Rank 0 - Communication time: 176.859806 seconds
Rank 79 - Communication time: 47.327758 seconds
# ----------------------------------------
# Finished running p2p_bloqueante with matrix size 8192 and 80 processes after  seconds
# ----------------------------------------
