# ----------------------------------------
# job id: 713673
# job name: mpi_coletiva_4096_10
# Running process type: coletiva
# Matrix size: 4096
# Number of processes: 10
# Current time: 28-06-2025 17:30:59.30
# ----------------------------------------
Rank 9 - Communication time: 3.744018 seconds
Rank 3 - Communication time: 0.452215 seconds
Rank 5 - Communication time: 0.500678 seconds
Rank 7 - Communication time: 0.465755 seconds
Rank 6 - Communication time: 1.034476 seconds
Rank 1 - Communication time: 77.441112 seconds
Rank 2 - Communication time: 63.814718 seconds
Rank 4 - Communication time: 77.999508 seconds
Execution time: 277.882230
Rank 0 - Communication time: 0.298463 seconds
Rank 8 - Communication time: 71.672928 seconds
# ----------------------------------------
# Finished running coletiva with matrix size 4096 and 10 processes after  seconds
# ----------------------------------------
