# ----------------------------------------
# job id: 713688
# job name: mpi_p2p_naobloqueante_1024_80
# Running process type: p2p_naobloqueante
# Matrix size: 1024
# Number of processes: 80
# Current time: 28-06-2025 23:13:17.13
# ----------------------------------------
Rank 1 - Communication time: 0.391868 seconds
Rank 2 - Communication time: 0.413806 seconds
Rank 3 - Communication time: 0.419936 seconds
Rank 4 - Communication time: 0.393481 seconds
Rank 5 - Communication time: 0.412211 seconds
Rank 6 - Communication time: 0.427377 seconds
Rank 7 - Communication time: 0.414569 seconds
Rank 8 - Communication time: 0.441972 seconds
Rank 9 - Communication time: 0.459303 seconds
Rank 10 - Communication time: 0.433683 seconds
Rank 11 - Communication time: 0.450905 seconds
Rank 12 - Communication time: 0.445426 seconds
Rank 13 - Communication time: 0.431413 seconds
Rank 14 - Communication time: 0.700489 seconds
Rank 15 - Communication time: 0.700585 seconds
Rank 16 - Communication time: 0.654684 seconds
Rank 17 - Communication time: 0.640481 seconds
Rank 18 - Communication time: 0.601954 seconds
Rank 19 - Communication time: 0.634132 seconds
Rank 20 - Communication time: 0.616873 seconds
Rank 21 - Communication time: 0.654425 seconds
Rank 22 - Communication time: 0.617673 seconds
Rank 23 - Communication time: 0.656110 seconds
Rank 24 - Communication time: 0.607577 seconds
Rank 25 - Communication time: 0.600845 seconds
Rank 26 - Communication time: 0.610120 seconds
Rank 27 - Communication time: 0.614954 seconds
Rank 28 - Communication time: 0.624369 seconds
Rank 29 - Communication time: 0.633218 seconds
Rank 30 - Communication time: 0.615477 seconds
Rank 31 - Communication time: 0.619621 seconds
Rank 32 - Communication time: 0.644632 seconds
Rank 33 - Communication time: 0.632276 seconds
Rank 34 - Communication time: 0.624707 seconds
Rank 35 - Communication time: 0.620373 seconds
Rank 36 - Communication time: 0.640537 seconds
Rank 37 - Communication time: 0.647783 seconds
Rank 38 - Communication time: 0.647872 seconds
Rank 39 - Communication time: 0.653303 seconds
Rank 40 - Communication time: 0.643944 seconds
Rank 41 - Communication time: 0.651161 seconds
Rank 42 - Communication time: 0.649090 seconds
Rank 43 - Communication time: 0.652153 seconds
Rank 44 - Communication time: 0.650410 seconds
Rank 45 - Communication time: 0.621792 seconds
Rank 46 - Communication time: 0.652395 seconds
Rank 47 - Communication time: 0.651921 seconds
Rank 48 - Communication time: 0.654776 seconds
Rank 49 - Communication time: 0.644166 seconds
Rank 50 - Communication time: 0.648801 seconds
Rank 51 - Communication time: 0.646561 seconds
Rank 52 - Communication time: 0.645609 seconds
Rank 53 - Communication time: 0.651177 seconds
Rank 54 - Communication time: 0.617525 seconds
Rank 55 - Communication time: 0.651414 seconds
Rank 56 - Communication time: 0.659624 seconds
Rank 57 - Communication time: 0.662878 seconds
Rank 58 - Communication time: 0.648148 seconds
Rank 59 - Communication time: 0.649611 seconds
Rank 60 - Communication time: 0.652429 seconds
Rank 61 - Communication time: 0.626186 seconds
Rank 62 - Communication time: 0.656045 seconds
Rank 63 - Communication time: 0.654133 seconds
Rank 64 - Communication time: 0.669063 seconds
Rank 65 - Communication time: 0.655418 seconds
Rank 66 - Communication time: 0.659170 seconds
Rank 67 - Communication time: 0.659742 seconds
Rank 68 - Communication time: 0.650903 seconds
Rank 69 - Communication time: 0.652580 seconds
Rank 70 - Communication time: 0.652435 seconds
Rank 71 - Communication time: 0.654869 seconds
Rank 72 - Communication time: 0.660300 seconds
Rank 73 - Communication time: 0.657650 seconds
Rank 74 - Communication time: 0.650014 seconds
Rank 75 - Communication time: 0.662056 seconds
Rank 76 - Communication time: 0.657872 seconds
Rank 77 - Communication time: 0.655470 seconds
Rank 78 - Communication time: 0.721250 seconds
Execution time: 0.927217
Rank 0 - Communication time: 0.589162 seconds
Rank 79 - Communication time: 0.727301 seconds
# ----------------------------------------
# Finished running p2p_naobloqueante with matrix size 1024 and 80 processes after  seconds
# ----------------------------------------
