# ----------------------------------------
# job id: 713695
# job name: mpi_coletiva_8192_80
# Running process type: coletiva
# Matrix size: 8192
# Number of processes: 80
# Current time: 28-06-2025 23:24:17.24
# ----------------------------------------
--------------------------------------------------------------------------
Open MPI failed an OFI Libfabric library call (fi_domain).  This is highly
unusual; your job may behave unpredictably (and/or abort) after this.

  Local host: hype2
  Location: ../../../../../../ompi/mca/mtl/ofi/mtl_ofi_component.c:939
  Error: No data available (61)
--------------------------------------------------------------------------
[hype1:492473] 79 more processes have sent help message help-mtl-ofi.txt / OFI call fail
[hype1:492473] Set MCA parameter "orte_base_help_aggregate" to 0 to see all help / error messages
(standard_in) 1: syntax error
(standard_in) 1: illegal character: :
(standard_in) 1: illegal character: :
# ----------------------------------------
# Finished running coletiva with matrix size 8192 and 80 processes after  seconds
# ----------------------------------------
