# ----------------------------------------
# job id: 713666
# job name: mpi_p2p_naobloqueante_8192_20
# Running process type: p2p_naobloqueante
# Matrix size: 8192
# Number of processes: 20
# Current time: 28-06-2025 21:13:47.13
# ----------------------------------------
--------------------------------------------------------------------------
Open MPI failed an OFI Libfabric library call (fi_domain).  This is highly
unusual; your job may behave unpredictably (and/or abort) after this.

  Local host: hype1
  Location: ../../../../../../ompi/mca/mtl/ofi/mtl_ofi_component.c:939
  Error: No data available (61)
--------------------------------------------------------------------------
[hype1:475578] 19 more processes have sent help message help-mtl-ofi.txt / OFI call fail
[hype1:475578] Set MCA parameter "orte_base_help_aggregate" to 0 to see all help / error messages
(standard_in) 1: syntax error
(standard_in) 1: illegal character: :
(standard_in) 1: illegal character: :
# ----------------------------------------
# Finished running p2p_naobloqueante with matrix size 8192 and 20 processes after  seconds
# ----------------------------------------
