# ----------------------------------------
# job id: 713637
# job name: mpi_coletiva_4096_40
# Running process type: coletiva
# Matrix size: 4096
# Number of processes: 40
# Current time: 28-06-2025 22:52:03.52
# ----------------------------------------
--------------------------------------------------------------------------
Open MPI failed an OFI Libfabric library call (fi_domain).  This is highly
unusual; your job may behave unpredictably (and/or abort) after this.

  Local host: hype5
  Location: ../../../../../../ompi/mca/mtl/ofi/mtl_ofi_component.c:939
  Error: No data available (61)
--------------------------------------------------------------------------
[hype3:535411] 39 more processes have sent help message help-mtl-ofi.txt / OFI call fail
[hype3:535411] Set MCA parameter "orte_base_help_aggregate" to 0 to see all help / error messages
(standard_in) 1: syntax error
(standard_in) 1: illegal character: :
(standard_in) 1: illegal character: :
# ----------------------------------------
# Finished running coletiva with matrix size 4096 and 40 processes after  seconds
# ----------------------------------------
