# ----------------------------------------
# job id: 713694
# job name: mpi_p2p_naobloqueante_4096_80
# Running process type: p2p_naobloqueante
# Matrix size: 4096
# Number of processes: 80
# Current time: 28-06-2025 23:22:17.22
# ----------------------------------------
Rank 1 - Communication time: 0.803685 seconds
Rank 2 - Communication time: 1.062866 seconds
Rank 3 - Communication time: 3.377388 seconds
Rank 4 - Communication time: 0.837406 seconds
Rank 5 - Communication time: 2.894012 seconds
Rank 6 - Communication time: 0.958880 seconds
Rank 7 - Communication time: 3.652214 seconds
Rank 8 - Communication time: 0.842327 seconds
Rank 9 - Communication time: 3.631707 seconds
Rank 10 - Communication time: 1.038915 seconds
Rank 11 - Communication time: 3.721529 seconds
Rank 12 - Communication time: 1.559251 seconds
Rank 13 - Communication time: 1.257017 seconds
Rank 14 - Communication time: 1.351802 seconds
Rank 15 - Communication time: 4.003094 seconds
Rank 16 - Communication time: 3.587097 seconds
Rank 17 - Communication time: 4.218971 seconds
Rank 18 - Communication time: 3.947520 seconds
Rank 19 - Communication time: 3.720405 seconds
Rank 20 - Communication time: 1.268545 seconds
Rank 21 - Communication time: 1.545878 seconds
Rank 22 - Communication time: 1.159402 seconds
Rank 23 - Communication time: 10.729431 seconds
Rank 24 - Communication time: 10.209325 seconds
Rank 25 - Communication time: 10.732180 seconds
Rank 26 - Communication time: 7.794577 seconds
Rank 27 - Communication time: 8.050793 seconds
Rank 28 - Communication time: 7.934064 seconds
Rank 29 - Communication time: 8.168956 seconds
Rank 30 - Communication time: 8.158854 seconds
Rank 31 - Communication time: 7.901084 seconds
Rank 32 - Communication time: 7.828531 seconds
Rank 33 - Communication time: 10.371764 seconds
Rank 34 - Communication time: 10.576338 seconds
Rank 35 - Communication time: 10.826493 seconds
Rank 36 - Communication time: 8.245275 seconds
Rank 37 - Communication time: 7.825285 seconds
Rank 38 - Communication time: 10.594436 seconds
Rank 39 - Communication time: 10.488972 seconds
Rank 40 - Communication time: 9.290204 seconds
Rank 41 - Communication time: 9.110068 seconds
Rank 42 - Communication time: 9.373137 seconds
Rank 43 - Communication time: 8.066689 seconds
Rank 44 - Communication time: 8.149222 seconds
Rank 45 - Communication time: 8.118587 seconds
Rank 46 - Communication time: 8.905988 seconds
Rank 47 - Communication time: 7.686164 seconds
Rank 48 - Communication time: 8.265206 seconds
Rank 49 - Communication time: 8.134410 seconds
Rank 50 - Communication time: 8.830850 seconds
Rank 51 - Communication time: 8.182420 seconds
Rank 52 - Communication time: 8.138469 seconds
Rank 53 - Communication time: 8.332915 seconds
Rank 54 - Communication time: 7.705918 seconds
Rank 55 - Communication time: 8.881886 seconds
Rank 56 - Communication time: 8.131880 seconds
Rank 57 - Communication time: 8.115994 seconds
Rank 58 - Communication time: 7.936420 seconds
Rank 59 - Communication time: 9.029896 seconds
Rank 60 - Communication time: 8.832948 seconds
Rank 61 - Communication time: 8.227007 seconds
Rank 62 - Communication time: 8.229828 seconds
Rank 63 - Communication time: 8.893404 seconds
Rank 64 - Communication time: 8.884993 seconds
Rank 65 - Communication time: 8.052129 seconds
Rank 66 - Communication time: 8.818363 seconds
Rank 67 - Communication time: 9.027271 seconds
Rank 68 - Communication time: 8.837699 seconds
Rank 69 - Communication time: 8.883465 seconds
Rank 70 - Communication time: 8.881754 seconds
Rank 71 - Communication time: 8.131331 seconds
Rank 72 - Communication time: 9.205577 seconds
Rank 73 - Communication time: 8.175761 seconds
Rank 74 - Communication time: 8.096033 seconds
Rank 75 - Communication time: 8.352632 seconds
Rank 76 - Communication time: 9.127306 seconds
Rank 77 - Communication time: 9.155348 seconds
Rank 78 - Communication time: 8.461248 seconds
Execution time: 60.873407
Rank 0 - Communication time: 10.363097 seconds
Rank 79 - Communication time: 9.422781 seconds
# ----------------------------------------
# Finished running p2p_naobloqueante with matrix size 4096 and 80 processes after  seconds
# ----------------------------------------
