# ----------------------------------------
# job id: 713634
# job name: mpi_coletiva_2048_40
# Running process type: coletiva
# Matrix size: 2048
# Number of processes: 40
# Current time: 28-06-2025 22:48:09.48
# ----------------------------------------
Rank 5 - Communication time: 0.338266 seconds
Rank 3 - Communication time: 0.218116 seconds
Rank 17 - Communication time: 0.291004 seconds
Rank 9 - Communication time: 0.312158 seconds
Rank 39 - Communication time: 0.244886 seconds
Rank 35 - Communication time: 0.314260 seconds
Rank 13 - Communication time: 0.235246 seconds
Rank 33 - Communication time: 0.226864 seconds
Rank 34 - Communication time: 0.268395 seconds
Rank 21 - Communication time: 0.271238 seconds
Rank 7 - Communication time: 0.244218 seconds
Rank 6 - Communication time: 0.238726 seconds
Rank 29 - Communication time: 0.286109 seconds
Rank 1 - Communication time: 0.333043 seconds
Rank 2 - Communication time: 0.625691 seconds
Rank 4 - Communication time: 0.533818 seconds
Rank 11 - Communication time: 0.511823 seconds
Rank 10 - Communication time: 0.246246 seconds
Rank 31 - Communication time: 0.285649 seconds
Rank 30 - Communication time: 0.345304 seconds
Rank 27 - Communication time: 0.286393 seconds
Rank 19 - Communication time: 0.258641 seconds
Rank 18 - Communication time: 0.451681 seconds
Rank 25 - Communication time: 0.286273 seconds
Rank 26 - Communication time: 0.419087 seconds
Rank 28 - Communication time: 0.565095 seconds
Rank 15 - Communication time: 0.628728 seconds
Rank 14 - Communication time: 0.237573 seconds
Rank 37 - Communication time: 0.245796 seconds
Rank 38 - Communication time: 0.538187 seconds
Rank 36 - Communication time: 0.344639 seconds
Rank 12 - Communication time: 0.435971 seconds
Rank 8 - Communication time: 0.569713 seconds
Rank 23 - Communication time: 0.559841 seconds
Rank 22 - Communication time: 0.272398 seconds
Rank 20 - Communication time: 0.573190 seconds
Rank 24 - Communication time: 0.595770 seconds
Rank 16 - Communication time: 0.690271 seconds
Execution time: 7.065542
Rank 0 - Communication time: 0.293538 seconds
Rank 32 - Communication time: 0.531474 seconds
# ----------------------------------------
# Finished running coletiva with matrix size 2048 and 40 processes after  seconds
# ----------------------------------------
