# ----------------------------------------
# job id: 713660
# job name: mpi_p2p_naobloqueante_2048_20
# Running process type: p2p_naobloqueante
# Matrix size: 2048
# Number of processes: 20
# Current time: 28-06-2025 20:15:00.15
# ----------------------------------------
Rank 1 - Communication time: 3.570027 seconds
Rank 2 - Communication time: 3.000310 seconds
Rank 3 - Communication time: 2.682820 seconds
Rank 4 - Communication time: 0.177942 seconds
Rank 5 - Communication time: 3.514905 seconds
Rank 6 - Communication time: 2.940297 seconds
Rank 7 - Communication time: 3.311405 seconds
Rank 8 - Communication time: 4.202054 seconds
Rank 9 - Communication time: 3.729483 seconds
Rank 10 - Communication time: 3.135933 seconds
Rank 11 - Communication time: 4.453661 seconds
Rank 12 - Communication time: 3.758091 seconds
Rank 13 - Communication time: 3.575324 seconds
Rank 14 - Communication time: 3.535515 seconds
Rank 15 - Communication time: 0.217661 seconds
Rank 16 - Communication time: 4.987439 seconds
Rank 17 - Communication time: 4.949224 seconds
Rank 18 - Communication time: 4.171491 seconds
Execution time: 16.621835
Rank 0 - Communication time: 0.976909 seconds
Rank 19 - Communication time: 0.766477 seconds
# ----------------------------------------
# Finished running p2p_naobloqueante with matrix size 2048 and 20 processes after  seconds
# ----------------------------------------
