# ----------------------------------------
# job id: 713689
# job name: mpi_coletiva_2048_80
# Running process type: coletiva
# Matrix size: 2048
# Number of processes: 80
# Current time: 28-06-2025 23:15:17.15
# ----------------------------------------
Rank 11 - Communication time: 0.499052 seconds
Rank 37 - Communication time: 0.587690 seconds
Rank 17 - Communication time: 0.522338 seconds
Rank 13 - Communication time: 0.512579 seconds
Rank 15 - Communication time: 0.521130 seconds
Rank 14 - Communication time: 0.497805 seconds
Rank 23 - Communication time: 0.518195 seconds
Rank 3 - Communication time: 0.506344 seconds
Rank 7 - Communication time: 0.515744 seconds
Rank 21 - Communication time: 0.512042 seconds
Rank 22 - Communication time: 0.637502 seconds
Rank 9 - Communication time: 0.548049 seconds
Rank 10 - Communication time: 0.570456 seconds
Rank 12 - Communication time: 0.550166 seconds
Rank 51 - Communication time: 0.479531 seconds
Rank 35 - Communication time: 0.517711 seconds
Rank 25 - Communication time: 0.514335 seconds
Rank 27 - Communication time: 0.713976 seconds
Rank 26 - Communication time: 0.510466 seconds
Rank 67 - Communication time: 0.477280 seconds
Rank 29 - Communication time: 0.776957 seconds
Rank 65 - Communication time: 0.486575 seconds
Rank 69 - Communication time: 0.541260 seconds
Rank 66 - Communication time: 0.498272 seconds
Rank 31 - Communication time: 0.741518 seconds
Rank 30 - Communication time: 0.517176 seconds
Rank 1 - Communication time: 0.521616 seconds
Rank 2 - Communication time: 0.547458 seconds
Rank 19 - Communication time: 0.574443 seconds
Rank 28 - Communication time: 0.544603 seconds
Rank 18 - Communication time: 0.489365 seconds
Rank 20 - Communication time: 0.608878 seconds
Rank 24 - Communication time: 0.726974 seconds
Rank 49 - Communication time: 0.479262 seconds
Rank 50 - Communication time: 0.543809 seconds
Rank 5 - Communication time: 0.487245 seconds
Rank 6 - Communication time: 0.573142 seconds
Rank 4 - Communication time: 0.615769 seconds
Rank 8 - Communication time: 0.562074 seconds
Rank 16 - Communication time: 0.622759 seconds
Rank 39 - Communication time: 0.517633 seconds
Rank 38 - Communication time: 0.682438 seconds
Rank 45 - Communication time: 0.539445 seconds
Rank 55 - Communication time: 0.499325 seconds
Rank 41 - Communication time: 0.638715 seconds
Rank 33 - Communication time: 0.773976 seconds
Rank 34 - Communication time: 0.670875 seconds
Rank 36 - Communication time: 0.739151 seconds
Rank 47 - Communication time: 0.540254 seconds
Rank 46 - Communication time: 0.661937 seconds
Rank 71 - Communication time: 0.510173 seconds
Rank 70 - Communication time: 0.647238 seconds
Rank 68 - Communication time: 0.654723 seconds
Rank 43 - Communication time: 0.546392 seconds
Rank 42 - Communication time: 0.723170 seconds
Rank 44 - Communication time: 0.781518 seconds
Rank 40 - Communication time: 0.590817 seconds
Rank 75 - Communication time: 0.496925 seconds
Rank 57 - Communication time: 0.773976 seconds
Rank 73 - Communication time: 0.504014 seconds
Rank 74 - Communication time: 0.748225 seconds
Rank 79 - Communication time: 0.757436 seconds
Rank 61 - Communication time: 0.670187 seconds
Rank 63 - Communication time: 0.499932 seconds
Rank 62 - Communication time: 0.689320 seconds
Rank 59 - Communication time: 0.512887 seconds
Rank 58 - Communication time: 0.877728 seconds
Rank 60 - Communication time: 0.665187 seconds
Rank 77 - Communication time: 1.189122 seconds
Rank 78 - Communication time: 0.945405 seconds
Rank 76 - Communication time: 0.511289 seconds
Rank 72 - Communication time: 1.271175 seconds
Rank 53 - Communication time: 1.491557 seconds
Rank 54 - Communication time: 1.632908 seconds
Rank 52 - Communication time: 0.511836 seconds
Rank 56 - Communication time: 1.302311 seconds
Rank 48 - Communication time: 1.670235 seconds
Rank 32 - Communication time: 1.522107 seconds
Execution time: 7.390247
Rank 0 - Communication time: 1.503528 seconds
Rank 64 - Communication time: 1.677573 seconds
# ----------------------------------------
# Finished running coletiva with matrix size 2048 and 80 processes after  seconds
# ----------------------------------------
