# ----------------------------------------
# job id: 713690
# job name: mpi_p2p_bloqueante_2048_80
# Running process type: p2p_bloqueante
# Matrix size: 2048
# Number of processes: 80
# Current time: 28-06-2025 23:15:47.15
# ----------------------------------------
Rank 1 - Communication time: 1.521909 seconds
Rank 2 - Communication time: 1.630603 seconds
Rank 3 - Communication time: 1.444189 seconds
Rank 4 - Communication time: 1.476748 seconds
Rank 5 - Communication time: 1.667378 seconds
Rank 6 - Communication time: 1.676872 seconds
Rank 7 - Communication time: 1.718309 seconds
Rank 8 - Communication time: 1.727816 seconds
Rank 9 - Communication time: 1.559169 seconds
Rank 10 - Communication time: 1.480341 seconds
Rank 11 - Communication time: 1.772847 seconds
Rank 12 - Communication time: 1.480582 seconds
Rank 13 - Communication time: 1.521792 seconds
Rank 14 - Communication time: 1.535050 seconds
Rank 15 - Communication time: 1.621526 seconds
Rank 16 - Communication time: 1.494039 seconds
Rank 17 - Communication time: 1.628780 seconds
Rank 18 - Communication time: 1.766829 seconds
Rank 19 - Communication time: 1.655108 seconds
Rank 20 - Communication time: 1.554937 seconds
Rank 21 - Communication time: 1.672482 seconds
Rank 22 - Communication time: 1.759286 seconds
Rank 23 - Communication time: 1.556286 seconds
Rank 24 - Communication time: 1.626253 seconds
Rank 25 - Communication time: 1.645834 seconds
Rank 26 - Communication time: 1.602765 seconds
Rank 27 - Communication time: 1.726806 seconds
Rank 28 - Communication time: 1.676207 seconds
Rank 29 - Communication time: 1.665583 seconds
Rank 30 - Communication time: 1.638523 seconds
Rank 31 - Communication time: 1.657941 seconds
Rank 32 - Communication time: 1.583342 seconds
Rank 33 - Communication time: 1.669999 seconds
Rank 34 - Communication time: 1.545394 seconds
Rank 35 - Communication time: 1.489563 seconds
Rank 36 - Communication time: 1.681259 seconds
Rank 37 - Communication time: 1.486519 seconds
Rank 38 - Communication time: 1.480757 seconds
Rank 39 - Communication time: 1.489009 seconds
Rank 40 - Communication time: 1.744287 seconds
Rank 41 - Communication time: 1.503966 seconds
Rank 42 - Communication time: 1.593278 seconds
Rank 43 - Communication time: 1.503781 seconds
Rank 44 - Communication time: 1.829931 seconds
Rank 45 - Communication time: 1.518048 seconds
Rank 46 - Communication time: 1.667418 seconds
Rank 47 - Communication time: 1.523909 seconds
Rank 48 - Communication time: 1.459983 seconds
Rank 49 - Communication time: 2.859384 seconds
Rank 50 - Communication time: 2.849708 seconds
Rank 51 - Communication time: 2.867390 seconds
Rank 52 - Communication time: 2.907666 seconds
Rank 53 - Communication time: 2.833513 seconds
Rank 54 - Communication time: 2.774405 seconds
Rank 55 - Communication time: 2.733859 seconds
Rank 56 - Communication time: 2.588843 seconds
Rank 57 - Communication time: 2.710885 seconds
Rank 58 - Communication time: 2.880121 seconds
Rank 59 - Communication time: 2.617733 seconds
Rank 60 - Communication time: 2.756989 seconds
Rank 61 - Communication time: 2.955381 seconds
Rank 62 - Communication time: 3.040108 seconds
Rank 63 - Communication time: 2.846115 seconds
Rank 64 - Communication time: 2.113360 seconds
Rank 65 - Communication time: 2.891175 seconds
Rank 66 - Communication time: 2.632722 seconds
Rank 67 - Communication time: 2.651893 seconds
Rank 68 - Communication time: 2.542462 seconds
Rank 69 - Communication time: 2.790018 seconds
Rank 70 - Communication time: 2.822865 seconds
Rank 71 - Communication time: 2.731439 seconds
Rank 72 - Communication time: 2.594676 seconds
Rank 73 - Communication time: 2.716252 seconds
Rank 74 - Communication time: 2.425910 seconds
Rank 75 - Communication time: 2.731597 seconds
Rank 76 - Communication time: 2.952240 seconds
Rank 77 - Communication time: 2.977629 seconds
Rank 78 - Communication time: 2.670887 seconds
Execution time: 8.825320 seconds
Rank 0 - Communication time: 2.895391 seconds
Rank 79 - Communication time: 2.877936 seconds
# ----------------------------------------
# Finished running p2p_bloqueante with matrix size 2048 and 80 processes after  seconds
# ----------------------------------------
