# ----------------------------------------
# job id: 713695
# job name: mpi_coletiva_8192_80
# Running process type: coletiva
# Matrix size: 8192
# Number of processes: 80
# Current time: 28-06-2025 23:24:17.24
# ----------------------------------------
Rank 29 - Communication time: 2.651610 seconds
Rank 25 - Communication time: 4.008047 seconds
Rank 27 - Communication time: 2.620967 seconds
Rank 26 - Communication time: 3.262982 seconds
Rank 7 - Communication time: 6.286799 seconds
Rank 13 - Communication time: 3.535966 seconds
Rank 53 - Communication time: 3.844240 seconds
Rank 71 - Communication time: 2.567721 seconds
Rank 19 - Communication time: 2.306869 seconds
Rank 55 - Communication time: 4.352332 seconds
Rank 54 - Communication time: 2.396273 seconds
Rank 51 - Communication time: 3.916868 seconds
Rank 61 - Communication time: 5.487759 seconds
Rank 63 - Communication time: 5.881328 seconds
Rank 62 - Communication time: 2.757769 seconds
Rank 43 - Communication time: 3.131444 seconds
Rank 47 - Communication time: 4.514613 seconds
Rank 41 - Communication time: 3.844662 seconds
Rank 42 - Communication time: 2.819005 seconds
Rank 1 - Communication time: 9.803616 seconds
Rank 23 - Communication time: 6.671764 seconds
Rank 67 - Communication time: 3.885928 seconds
Rank 37 - Communication time: 10.813436 seconds
Rank 69 - Communication time: 3.255531 seconds
Rank 70 - Communication time: 5.642163 seconds
Rank 45 - Communication time: 2.615302 seconds
Rank 46 - Communication time: 3.476550 seconds
Rank 44 - Communication time: 3.333851 seconds
Rank 77 - Communication time: 5.634702 seconds
Rank 17 - Communication time: 2.308048 seconds
Rank 18 - Communication time: 14.915590 seconds
Rank 3 - Communication time: 1.841229 seconds
Rank 2 - Communication time: 11.165557 seconds
Rank 35 - Communication time: 2.287874 seconds
Rank 75 - Communication time: 2.699042 seconds
Rank 31 - Communication time: 2.658358 seconds
Rank 30 - Communication time: 5.526287 seconds
Rank 28 - Communication time: 14.806678 seconds
Rank 9 - Communication time: 2.256184 seconds
Rank 49 - Communication time: 2.072957 seconds
Rank 50 - Communication time: 4.546225 seconds
Rank 52 - Communication time: 5.971174 seconds
Rank 57 - Communication time: 5.036207 seconds
Rank 15 - Communication time: 2.351024 seconds
Rank 14 - Communication time: 12.033404 seconds
Rank 73 - Communication time: 2.626893 seconds
Rank 74 - Communication time: 5.290882 seconds
Rank 79 - Communication time: 3.432856 seconds
Rank 78 - Communication time: 2.565112 seconds
Rank 39 - Communication time: 15.077466 seconds
Rank 76 - Communication time: 3.968256 seconds
Rank 38 - Communication time: 2.581616 seconds
Rank 11 - Communication time: 2.169452 seconds
Rank 10 - Communication time: 7.707328 seconds
Rank 12 - Communication time: 11.700766 seconds
Rank 59 - Communication time: 4.209862 seconds
Rank 58 - Communication time: 2.730195 seconds
Rank 60 - Communication time: 5.486230 seconds
Rank 56 - Communication time: 3.610494 seconds
Rank 65 - Communication time: 3.361716 seconds
Rank 66 - Communication time: 4.449754 seconds
Rank 68 - Communication time: 4.608791 seconds
Rank 72 - Communication time: 5.123314 seconds
Rank 21 - Communication time: 2.676759 seconds
Rank 22 - Communication time: 5.443469 seconds
Rank 20 - Communication time: 6.687786 seconds
Rank 24 - Communication time: 14.334018 seconds
Rank 33 - Communication time: 2.374316 seconds
Rank 34 - Communication time: 6.004859 seconds
Rank 36 - Communication time: 6.322597 seconds
Rank 40 - Communication time: 6.789560 seconds
Rank 5 - Communication time: 14.633466 seconds
Rank 6 - Communication time: 14.098210 seconds
Rank 4 - Communication time: 2.289223 seconds
Rank 48 - Communication time: 9.150622 seconds
Rank 8 - Communication time: 7.772755 seconds
Rank 16 - Communication time: 17.403153 seconds
Rank 32 - Communication time: 7.132214 seconds
Execution time: 416.612821
Rank 0 - Communication time: 5.143933 seconds
Rank 64 - Communication time: 3.968150 seconds
# ----------------------------------------
# Finished running coletiva with matrix size 8192 and 80 processes after  seconds
# ----------------------------------------
