# ----------------------------------------
# job id: 713643
# job name: mpi_coletiva_1024_30
# Running process type: coletiva
# Matrix size: 1024
# Number of processes: 30
# Current time: 28-06-2025 21:39:39.39
# ----------------------------------------
--------------------------------------------------------------------------
Open MPI failed an OFI Libfabric library call (fi_domain).  This is highly
unusual; your job may behave unpredictably (and/or abort) after this.

  Local host: hype2
  Location: ../../../../../../ompi/mca/mtl/ofi/mtl_ofi_component.c:939
  Error: No data available (61)
--------------------------------------------------------------------------
[hype1:476834] 29 more processes have sent help message help-mtl-ofi.txt / OFI call fail
[hype1:476834] Set MCA parameter "orte_base_help_aggregate" to 0 to see all help / error messages
(standard_in) 1: syntax error
(standard_in) 1: illegal character: :
(standard_in) 1: illegal character: :
# ----------------------------------------
# Finished running coletiva with matrix size 1024 and 30 processes after  seconds
# ----------------------------------------
