# ----------------------------------------
# job id: 713633
# job name: mpi_p2p_naobloqueante_1024_40
# Running process type: p2p_naobloqueante
# Matrix size: 1024
# Number of processes: 40
# Current time: 28-06-2025 22:45:51.45
# ----------------------------------------
--------------------------------------------------------------------------
Open MPI failed an OFI Libfabric library call (fi_domain).  This is highly
unusual; your job may behave unpredictably (and/or abort) after this.

  Local host: hype2
  Location: ../../../../../../ompi/mca/mtl/ofi/mtl_ofi_component.c:939
  Error: No data available (61)
--------------------------------------------------------------------------
[hype1:485536] 39 more processes have sent help message help-mtl-ofi.txt / OFI call fail
[hype1:485536] Set MCA parameter "orte_base_help_aggregate" to 0 to see all help / error messages
(standard_in) 1: syntax error
(standard_in) 1: illegal character: :
(standard_in) 1: illegal character: :
# ----------------------------------------
# Finished running p2p_naobloqueante with matrix size 1024 and 40 processes after  seconds
# ----------------------------------------
