# ----------------------------------------
# job id: 713652
# job name: mpi_coletiva_8192_30
# Running process type: coletiva
# Matrix size: 8192
# Number of processes: 30
# Current time: 28-06-2025 22:20:50.20
# ----------------------------------------
--------------------------------------------------------------------------
Open MPI failed an OFI Libfabric library call (fi_domain).  This is highly
unusual; your job may behave unpredictably (and/or abort) after this.

  Local host: hype3
  Location: ../../../../../../ompi/mca/mtl/ofi/mtl_ofi_component.c:939
  Error: No data available (61)
--------------------------------------------------------------------------
[hype3:533509] 29 more processes have sent help message help-mtl-ofi.txt / OFI call fail
[hype3:533509] Set MCA parameter "orte_base_help_aggregate" to 0 to see all help / error messages
(standard_in) 1: syntax error
(standard_in) 1: illegal character: :
(standard_in) 1: illegal character: :
# ----------------------------------------
# Finished running coletiva with matrix size 8192 and 30 processes after  seconds
# ----------------------------------------
