# ----------------------------------------
# job id: 713675
# job name: mpi_p2p_naobloqueante_4096_10
# Running process type: p2p_naobloqueante
# Matrix size: 4096
# Number of processes: 10
# Current time: 28-06-2025 17:43:54.43
# ----------------------------------------
Rank 1 - Communication time: 1.437932 seconds
Rank 2 - Communication time: 0.409423 seconds
Rank 3 - Communication time: 52.366209 seconds
Rank 4 - Communication time: 52.914601 seconds
Rank 5 - Communication time: 41.013667 seconds
Rank 6 - Communication time: 43.499608 seconds
Rank 7 - Communication time: 41.271231 seconds
Rank 8 - Communication time: 38.888700 seconds
Execution time: 258.580141
Rank 0 - Communication time: 51.392342 seconds
Rank 9 - Communication time: 38.558466 seconds
# ----------------------------------------
# Finished running p2p_naobloqueante with matrix size 4096 and 10 processes after  seconds
# ----------------------------------------
