# ----------------------------------------
# job id: 713655
# job name: mpi_coletiva_1024_20
# Running process type: coletiva
# Matrix size: 1024
# Number of processes: 20
# Current time: 28-06-2025 16:09:33.09
# ----------------------------------------
--------------------------------------------------------------------------
Open MPI failed an OFI Libfabric library call (fi_domain).  This is highly
unusual; your job may behave unpredictably (and/or abort) after this.

  Local host: hype1
  Location: ../../../../../../ompi/mca/mtl/ofi/mtl_ofi_component.c:939
  Error: No data available (61)
--------------------------------------------------------------------------
[hype1:452696] 19 more processes have sent help message help-mtl-ofi.txt / OFI call fail
[hype1:452696] Set MCA parameter "orte_base_help_aggregate" to 0 to see all help / error messages
(standard_in) 1: syntax error
(standard_in) 1: illegal character: :
(standard_in) 1: illegal character: :
# ----------------------------------------
# Finished running coletiva with matrix size 1024 and 20 processes after  seconds
# ----------------------------------------
