# ----------------------------------------
# job id: 713644
# job name: mpi_p2p_bloqueante_1024_30
# Running process type: p2p_bloqueante
# Matrix size: 1024
# Number of processes: 30
# Current time: 28-06-2025 21:41:55.41
# ----------------------------------------
--------------------------------------------------------------------------
Open MPI failed an OFI Libfabric library call (fi_domain).  This is highly
unusual; your job may behave unpredictably (and/or abort) after this.

  Local host: hype2
  Location: ../../../../../../ompi/mca/mtl/ofi/mtl_ofi_component.c:939
  Error: No data available (61)
--------------------------------------------------------------------------
[hype1:477409] 29 more processes have sent help message help-mtl-ofi.txt / OFI call fail
[hype1:477409] Set MCA parameter "orte_base_help_aggregate" to 0 to see all help / error messages
(standard_in) 1: syntax error
(standard_in) 1: illegal character: :
(standard_in) 1: illegal character: :
# ----------------------------------------
# Finished running p2p_bloqueante with matrix size 1024 and 30 processes after  seconds
# ----------------------------------------
